<?xml version="1.0" encoding="UTF-8"?>
<testsuite name="test1Test" tests="2" skipped="0" failures="0" errors="0" timestamp="2020-05-27T16:27:30" hostname="LAPTOP-JVLL175T" time="0.006">
  <properties/>
  <testcase name="testAdd" classname="test1Test" time="0.004"/>
  <testcase name="testMulti" classname="test1Test" time="0.001"/>
  <system-out><![CDATA[]]></system-out>
  <system-err><![CDATA[]]></system-err>
</testsuite>
