<?xml version="1.0" encoding="UTF-8"?>
<testsuite name="test1Test" tests="2" skipped="0" failures="0" errors="0" timestamp="2020-05-28T01:50:34" hostname="DESKTOP-7I5QB77" time="0.002">
  <properties/>
  <testcase name="testAdd" classname="test1Test" time="0.002"/>
  <testcase name="testMulti" classname="test1Test" time="0.0"/>
  <system-out><![CDATA[]]></system-out>
  <system-err><![CDATA[]]></system-err>
</testsuite>
